{"code":"ENOENT","errno":-4058,"level":"error","path":"D:\\Google Drive\\Full Stack Developer\\Programación Backend\\Desafios\\db\\messages.json","syscall":"open"}
{"code":"ENOENT","errno":-4058,"level":"error","path":"D:\\Google Drive\\Full Stack Developer\\Programación Backend\\Desafios\\db\\messages.json","syscall":"open"}
{"code":"ENOENT","errno":-4058,"level":"error","path":"D:\\Google Drive\\Full Stack Developer\\Programación Backend\\Desafios\\db\\messages.json","syscall":"open"}
{"code":"ENOENT","errno":-4058,"level":"error","path":"D:\\db\\messages.json","syscall":"open"}
{"code":"ENOENT","errno":-4058,"level":"error","path":"D:\\db\\messages.json","syscall":"open"}
{"code":"ENOENT","errno":-4058,"level":"error","path":"D:\\db\\messages.json","syscall":"open"}
{"code":"ENOENT","errno":-4058,"level":"error","path":"D:\\db\\products.json","syscall":"open"}
{"code":"ENOENT","errno":-4058,"level":"error","path":"D:\\db\\messages.json","syscall":"open"}
{"code":"ENOENT","errno":-4058,"level":"error","path":"D:\\db\\products.json","syscall":"open"}
{"code":"ENOENT","errno":-4058,"level":"error","path":"D:\\db\\messages.json","syscall":"open"}
{"code":"ENOENT","errno":-4058,"level":"error","path":"D:\\db\\products.json","syscall":"open"}
{"code":"ENOENT","errno":-4058,"level":"error","path":"D:\\db\\messages.json","syscall":"open"}
{"code":"ENOENT","errno":-4058,"level":"error","path":"D:\\db\\messages.json","syscall":"open"}
{"code":"ENOENT","errno":-4058,"level":"error","path":"D:\\db\\messages.json","syscall":"open"}
{"code":"ENOENT","errno":-4058,"level":"error","path":"D:\\db\\products.json","syscall":"open"}
{"code":"ENOENT","errno":-4058,"level":"error","path":"D:\\db\\messages.json","syscall":"open"}
{"code":"ENOENT","errno":-4058,"level":"error","path":"D:\\db\\users.json","syscall":"open"}
{"code":"ENOENT","errno":-4058,"level":"error","path":"D:\\db\\messages.json","syscall":"open"}
{"code":"ENOENT","errno":-4058,"level":"error","path":"D:\\db\\products.json","syscall":"open"}
{"code":"ENOENT","errno":-4058,"level":"error","path":"D:\\db\\messages.json","syscall":"open"}
{"code":"ENOENT","errno":-4058,"level":"error","path":"D:\\db\\users.json","syscall":"open"}
{"code":"ENOENT","errno":-4058,"level":"error","path":"D:\\db\\messages.json","syscall":"open"}
{"code":"ENOENT","errno":-4058,"level":"error","path":"D:\\db\\products.json","syscall":"open"}
{"code":"ENOENT","errno":-4058,"level":"error","path":"D:\\db\\messages.json","syscall":"open"}
{"code":"ENOENT","errno":-4058,"level":"error","path":"D:\\db\\users.json","syscall":"open"}
{"code":"ENOENT","errno":-4058,"level":"error","path":"D:\\db\\messages.json","syscall":"open"}
{"code":"ENOENT","errno":-4058,"level":"error","path":"D:\\db\\products.json","syscall":"open"}
{"code":"ENOENT","errno":-4058,"level":"error","path":"D:\\db\\messages.json","syscall":"open"}
{"code":"ENOENT","errno":-4058,"level":"error","path":"D:\\Google Drive\\Full Stack Developer\\Programación Backend\\Desafios\\db\\users.json","syscall":"open"}
{"code":"ENOENT","errno":-4058,"level":"error","path":"D:\\db\\messages.json","syscall":"open"}
{"code":"ENOENT","errno":-4058,"level":"error","path":"D:\\Google Drive\\Full Stack Developer\\Programación Backend\\Desafios\\db\\products.json","syscall":"open"}
{"code":"ENOENT","errno":-4058,"level":"error","path":"D:\\db\\messages.json","syscall":"open"}
{"code":"ENOENT","errno":-4058,"level":"error","path":"D:\\Google Drive\\Full Stack Developer\\Programación Backend\\Desafios\\db\\users.json","syscall":"open"}
{"code":"ENOENT","errno":-4058,"level":"error","path":"D:\\Google Drive\\Full Stack Developer\\Programación Backend\\Desafios\\db\\products.json","syscall":"open"}
{"code":"ENOENT","errno":-4058,"level":"error","path":"D:\\Google Drive\\Full Stack Developer\\Programación Backend\\Desafios\\db\\messages.json","syscall":"open"}
{"code":"ENOENT","errno":-4058,"level":"error","path":"D:\\Google Drive\\Full Stack Developer\\Programación Backend\\Desafios\\db\\users.json","syscall":"open"}
{"code":"ENOENT","errno":-4058,"level":"error","path":"D:\\Google Drive\\Full Stack Developer\\Programación Backend\\Desafios\\db\\messages.json","syscall":"open"}
{"code":"ENOENT","errno":-4058,"level":"error","path":"D:\\Google Drive\\Full Stack Developer\\Programación Backend\\Desafios\\db\\products.json","syscall":"open"}
{"code":"ENOENT","errno":-4058,"level":"error","path":"D:\\db\\messages.json","syscall":"open"}
{"code":"ENOENT","errno":-4058,"level":"error","path":"D:\\Google Drive\\Full Stack Developer\\Programación Backend\\Desafios\\db\\users.json","syscall":"open"}
{"code":"ENOENT","errno":-4058,"level":"error","path":"D:\\db\\messages.json","syscall":"open"}
{"code":"ENOENT","errno":-4058,"level":"error","path":"D:\\db\\products.json","syscall":"open"}
{"code":"ENOENT","errno":-4058,"level":"error","path":"D:\\db\\messages.json","syscall":"open"}
{"code":"ENOENT","errno":-4058,"level":"error","path":"D:\\Google Drive\\Full Stack Developer\\Programación Backend\\Desafios\\db\\users.json","syscall":"open"}
{"code":"ENOENT","errno":-4058,"level":"error","path":"D:\\db\\messages.json","syscall":"open"}
{"code":"ENOENT","errno":-4058,"level":"error","path":"D:\\db\\products.json","syscall":"open"}
{"code":"ENOENT","errno":-4058,"level":"error","path":"D:\\db\\messages.json","syscall":"open"}
{"code":"ENOENT","errno":-4058,"level":"error","path":"D:\\db\\users.json","syscall":"open"}
{"code":"ENOENT","errno":-4058,"level":"error","path":"D:\\db\\messages.json","syscall":"open"}
{"code":"ENOENT","errno":-4058,"level":"error","path":"D:\\db\\products.json","syscall":"open"}
{"code":"ENOENT","errno":-4058,"level":"error","path":"D:\\db\\messages.json","syscall":"open"}
{"code":"ENOENT","errno":-4058,"level":"error","path":"D:\\db\\users.json","syscall":"open"}
{"code":"ENOENT","errno":-4058,"level":"error","path":"D:\\db\\messages.json","syscall":"open"}
{"code":"ENOENT","errno":-4058,"level":"error","path":"D:\\db\\messages.json","syscall":"open"}
{"code":"ENOENT","errno":-4058,"level":"error","path":"D:\\db\\products.json","syscall":"open"}
{"code":"ENOENT","errno":-4058,"level":"error","path":"D:\\db\\users.json","syscall":"open"}
{"code":"ENOENT","errno":-4058,"level":"error","path":"D:\\db\\products.json","syscall":"open"}
{"code":"ENOENT","errno":-4058,"level":"error","path":"D:\\db\\messages.json","syscall":"open"}
{"code":"ENOENT","errno":-4058,"level":"error","path":"D:\\db\\users.json","syscall":"open"}
{"code":"ENOENT","errno":-4058,"level":"error","path":"D:\\db\\messages.json","syscall":"open"}
{"code":"ENOENT","errno":-4058,"level":"error","path":"D:\\db\\products.json","syscall":"open"}
{"code":"ENOENT","errno":-4058,"level":"error","path":"D:\\db\\messages.json","syscall":"open"}
{"code":"ENOENT","errno":-4058,"level":"error","path":"D:\\db\\users.json","syscall":"open"}
{"code":"ENOENT","errno":-4058,"level":"error","path":"D:\\db\\messages.json","syscall":"open"}
{"code":"ENOENT","errno":-4058,"level":"error","path":"D:\\db\\products.json","syscall":"open"}
{"code":"ENOENT","errno":-4058,"level":"error","path":"D:\\db\\messages.json","syscall":"open"}
{"code":"ENOENT","errno":-4058,"level":"error","path":"D:\\db\\users.json","syscall":"open"}
{"code":"ENOENT","errno":-4058,"level":"error","path":"D:\\db\\messages.json","syscall":"open"}
{"code":"ENOENT","errno":-4058,"level":"error","path":"D:\\db\\products.json","syscall":"open"}
{"code":"ENOENT","errno":-4058,"level":"error","path":"D:\\db\\messages.json","syscall":"open"}
{"code":"ENOENT","errno":-4058,"level":"error","path":"D:\\db\\users.json","syscall":"open"}
{"code":"ENOENT","errno":-4058,"level":"error","path":"D:\\db\\messages.json","syscall":"open"}
{"code":"ENOENT","errno":-4058,"level":"error","path":"D:\\db\\messages.json","syscall":"open"}
{"code":"ENOENT","errno":-4058,"level":"error","path":"D:\\db\\products.json","syscall":"open"}
{"code":"ENOENT","errno":-4058,"level":"error","path":"D:\\db\\users.json","syscall":"open"}
{"code":"ENOENT","errno":-4058,"level":"error","path":"D:\\db\\messages.json","syscall":"open"}
{"code":"ENOENT","errno":-4058,"level":"error","path":"D:\\Google Drive\\Full Stack Developer\\Programación Backend\\Desafios\\db\\products.json","syscall":"open"}
{"code":"ENOENT","errno":-4058,"level":"error","path":"D:\\Google Drive\\Full Stack Developer\\Programación Backend\\Desafios\\db\\messages.json","syscall":"open"}
{"code":"ENOENT","errno":-4058,"level":"error","path":"D:\\Google Drive\\Full Stack Developer\\Programación Backend\\Desafios\\db\\users.json","syscall":"open"}
{"code":"ENOENT","errno":-4058,"level":"error","path":"D:\\Google Drive\\Full Stack Developer\\Programación Backend\\Desafios\\db\\messages.json","syscall":"open"}
{"code":"ENOENT","errno":-4058,"level":"error","path":"D:\\Google Drive\\Full Stack Developer\\Programación Backend\\Desafios\\db\\products.json","syscall":"open"}
{"code":"ENOENT","errno":-4058,"level":"error","path":"D:\\Google Drive\\Full Stack Developer\\Programación Backend\\Desafios\\db\\messages.json","syscall":"open"}
{"code":"ENOENT","errno":-4058,"level":"error","path":"D:\\Google Drive\\Full Stack Developer\\Programación Backend\\Desafios\\db\\users.json","syscall":"open"}
{"code":"ENOENT","errno":-4058,"level":"error","path":"D:\\Google Drive\\Full Stack Developer\\Programación Backend\\Desafios\\db\\products.json","syscall":"open"}
{"code":"ENOENT","errno":-4058,"level":"error","path":"D:\\Google Drive\\Full Stack Developer\\Programación Backend\\Desafios\\db\\messages.json","syscall":"open"}
{"code":"ENOENT","errno":-4058,"level":"error","path":"D:\\Google Drive\\Full Stack Developer\\Programación Backend\\Desafios\\db\\users.json","syscall":"open"}
{"code":"ENOENT","errno":-4058,"level":"error","path":"D:\\Google Drive\\Full Stack Developer\\Programación Backend\\Desafios\\db\\products.json","syscall":"open"}
{"code":"ENOENT","errno":-4058,"level":"error","path":"D:\\Google Drive\\Full Stack Developer\\Programación Backend\\Desafios\\db\\messages.json","syscall":"open"}
{"code":"ENOENT","errno":-4058,"level":"error","path":"D:\\Google Drive\\Full Stack Developer\\Programación Backend\\Desafios\\db\\users.json","syscall":"open"}
{"code":"ENOENT","errno":-4058,"level":"error","path":"D:\\Google Drive\\Full Stack Developer\\Programación Backend\\Desafios\\db\\products.json","syscall":"open"}
{"code":"ENOENT","errno":-4058,"level":"error","path":"D:\\Google Drive\\Full Stack Developer\\Programación Backend\\Desafios\\db\\messages.json","syscall":"open"}
{"code":"ENOENT","errno":-4058,"level":"error","path":"D:\\Google Drive\\Full Stack Developer\\Programación Backend\\Desafios\\db\\users.json","syscall":"open"}
{"code":"ENOENT","errno":-4058,"level":"error","path":"D:\\Google Drive\\Full Stack Developer\\Programación Backend\\Desafios\\db\\messages.json","syscall":"open"}
{"code":"ENOENT","errno":-4058,"level":"error","path":"D:\\Google Drive\\Full Stack Developer\\Programación Backend\\Desafios\\db\\messages.json","syscall":"open"}
{"code":"ENOENT","errno":-4058,"level":"error","path":"D:\\Google Drive\\Full Stack Developer\\Programación Backend\\Desafios\\db\\messages.json","syscall":"open"}
{"code":"ENOENT","errno":-4058,"level":"error","path":"D:\\Google Drive\\Full Stack Developer\\Programación Backend\\Desafios\\db\\messages.json","syscall":"open"}
{"code":"ENOENT","errno":-4058,"level":"error","path":"D:\\Google Drive\\Full Stack Developer\\Programación Backend\\Desafios\\db\\products.json","syscall":"open"}
{"code":"ENOENT","errno":-4058,"level":"error","path":"D:\\Google Drive\\Full Stack Developer\\Programación Backend\\Desafios\\db\\products.json","syscall":"open"}
{"code":"ENOENT","errno":-4058,"level":"error","path":"D:\\Google Drive\\Full Stack Developer\\Programación Backend\\Desafios\\db\\products.json","syscall":"open"}
{"code":"ENOENT","errno":-4058,"level":"error","path":"D:\\Google Drive\\Full Stack Developer\\Programación Backend\\Desafios\\db\\messages.json","syscall":"open"}
{"code":"ENOENT","errno":-4058,"level":"error","path":"D:\\Google Drive\\Full Stack Developer\\Programación Backend\\Desafios\\db\\messages.json","syscall":"open"}
{"code":"ENOENT","errno":-4058,"level":"error","path":"D:\\Google Drive\\Full Stack Developer\\Programación Backend\\Desafios\\db\\messages.json","syscall":"open"}
{"code":"ENOENT","errno":-4058,"level":"error","path":"D:\\Google Drive\\Full Stack Developer\\Programación Backend\\Desafios\\db\\messages.json","syscall":"open"}
{"code":"ENOENT","errno":-4058,"level":"error","path":"D:\\Google Drive\\Full Stack Developer\\Programación Backend\\Desafios\\db\\messages.json","syscall":"open"}
{"code":"ENOENT","errno":-4058,"level":"error","path":"D:\\Google Drive\\Full Stack Developer\\Programación Backend\\Desafios\\db\\messages.json","syscall":"open"}
{"code":"ENOENT","errno":-4058,"level":"error","path":"D:\\Google Drive\\Full Stack Developer\\Programación Backend\\Desafios\\db\\products.json","syscall":"open"}
{"code":"ENOENT","errno":-4058,"level":"error","path":"D:\\Google Drive\\Full Stack Developer\\Programación Backend\\Desafios\\db\\messages.json","syscall":"open"}
{"code":"ENOENT","errno":-4058,"level":"error","path":"D:\\Google Drive\\Full Stack Developer\\Programación Backend\\Desafios\\db\\users.json","syscall":"open"}
{"code":"ENOENT","errno":-4058,"level":"error","path":"D:\\Google Drive\\Full Stack Developer\\Programación Backend\\Desafios\\db\\messages.json","syscall":"open"}
{"code":"ENOENT","errno":-4058,"level":"error","path":"D:\\Google Drive\\Full Stack Developer\\Programación Backend\\Desafios\\db\\products.json","syscall":"open"}
{"code":"ENOENT","errno":-4058,"level":"error","path":"D:\\Google Drive\\Full Stack Developer\\Programación Backend\\Desafios\\db\\messages.json","syscall":"open"}
{"code":"ENOENT","errno":-4058,"level":"error","path":"D:\\Google Drive\\Full Stack Developer\\Programación Backend\\Desafios\\db\\users.json","syscall":"open"}
{"code":"ENOENT","errno":-4058,"level":"error","path":"D:\\Google Drive\\Full Stack Developer\\Programación Backend\\Desafios\\db\\messages.json","syscall":"open"}
{"code":"ENOENT","errno":-4058,"level":"error","path":"D:\\Google Drive\\Full Stack Developer\\Programación Backend\\Desafios\\db\\products.json","syscall":"open"}
{"code":"ENOENT","errno":-4058,"level":"error","path":"D:\\Google Drive\\Full Stack Developer\\Programación Backend\\Desafios\\db\\messages.json","syscall":"open"}
{"code":"ENOENT","errno":-4058,"level":"error","path":"D:\\Google Drive\\Full Stack Developer\\Programación Backend\\Desafios\\db\\users.json","syscall":"open"}
{"code":"ENOENT","errno":-4058,"level":"error","path":"D:\\Google Drive\\Full Stack Developer\\Programación Backend\\Desafios\\db\\messages.json","syscall":"open"}
{"code":"ENOENT","errno":-4058,"level":"error","path":"D:\\Google Drive\\Full Stack Developer\\Programación Backend\\Desafios\\db\\products.json","syscall":"open"}
{"code":"ENOENT","errno":-4058,"level":"error","path":"D:\\Google Drive\\Full Stack Developer\\Programación Backend\\Desafios\\db\\messages.json","syscall":"open"}
{"code":"ENOENT","errno":-4058,"level":"error","path":"D:\\Google Drive\\Full Stack Developer\\Programación Backend\\Desafios\\db\\users.json","syscall":"open"}
{"code":"ENOENT","errno":-4058,"level":"error","path":"D:\\Google Drive\\Full Stack Developer\\Programación Backend\\Desafios\\db\\messages.json","syscall":"open"}
{"level":"error"}
{"level":"error"}
{"level":"error"}
{"code":"ENOENT","errno":-4058,"level":"error","path":"D:\\Google Drive\\Full Stack Developer\\Programación Backend\\Desafios\\db\\messages.json","syscall":"open"}
{"code":"ENOENT","errno":-4058,"level":"error","path":"./db/products.json","syscall":"open"}
{"code":"ENOENT","errno":-4058,"level":"error","path":"./db/messages.json","syscall":"open"}
{"code":"ENOENT","errno":-4058,"level":"error","path":"./db/users.json","syscall":"open"}
{"code":"ENOENT","errno":-4058,"level":"error","path":"D:\\Google Drive\\Full Stack Developer\\Programación Backend\\Desafios\\db\\messages.json","syscall":"open"}
{"code":"ERR_INVALID_CALLBACK","level":"error"}
{"code":"ERR_INVALID_CALLBACK","level":"error"}
{"code":"ERR_INVALID_CALLBACK","level":"error"}
{"code":"ERR_INVALID_CALLBACK","level":"error"}
{"code":"ENOENT","errno":-4058,"level":"error","path":"D:\\Google Drive\\Full Stack Developer\\Programación Backend\\Desafios\\db\\products.json","syscall":"open"}
{"code":"ENOENT","errno":-4058,"level":"error","path":"D:\\Google Drive\\Full Stack Developer\\Programación Backend\\Desafios\\db\\messages.json","syscall":"open"}
{"code":"ENOENT","errno":-4058,"level":"error","path":"D:\\Google Drive\\Full Stack Developer\\Programación Backend\\Desafios\\db\\users.json","syscall":"open"}
{"code":"ENOENT","errno":-4058,"level":"error","path":"D:\\Google Drive\\Full Stack Developer\\Programación Backend\\Desafios\\db\\messages.json","syscall":"open"}
{"code":"ENOENT","errno":-4058,"level":"error","path":"D:\\Google Drive\\Full Stack Developer\\Programación Backend\\Desafios\\db\\products.json","syscall":"open"}
{"code":"ENOENT","errno":-4058,"level":"error","path":"D:\\Google Drive\\Full Stack Developer\\Programación Backend\\Desafios\\db\\messages.json","syscall":"open"}
{"code":"ENOENT","errno":-4058,"level":"error","path":"D:\\Google Drive\\Full Stack Developer\\Programación Backend\\Desafios\\db\\users.json","syscall":"open"}
{"code":"ENOENT","errno":-4058,"level":"error","path":"D:\\Google Drive\\Full Stack Developer\\Programación Backend\\Desafios\\db\\messages.json","syscall":"open"}
{"code":"ENOENT","errno":-4058,"level":"error","path":"D:\\Google Drive\\Full Stack Developer\\Programación Backend\\Desafios\\15_MejorarLaArquitecturaDeNuestraAPI\\db\\products.json","syscall":"open"}
{"code":"ENOENT","errno":-4058,"level":"error","path":"D:\\Google Drive\\Full Stack Developer\\Programación Backend\\Desafios\\db\\messages.json","syscall":"open"}
{"code":"ENOENT","errno":-4058,"level":"error","path":"D:\\Google Drive\\Full Stack Developer\\Programación Backend\\Desafios\\db\\users.json","syscall":"open"}
{"code":"ENOENT","errno":-4058,"level":"error","path":"D:\\Google Drive\\Full Stack Developer\\Programación Backend\\Desafios\\db\\messages.json","syscall":"open"}
{"code":"ENOENT","errno":-4058,"level":"error","path":"D:\\Google Drive\\Full Stack Developer\\Programación Backend\\Desafios\\15_MejorarLaArquitecturaDeNuestraAPI\\db\\products.json","syscall":"open"}
{"code":"ENOENT","errno":-4058,"level":"error","path":"D:\\Google Drive\\Full Stack Developer\\Programación Backend\\Desafios\\db\\messages.json","syscall":"open"}
{"code":"ENOENT","errno":-4058,"level":"error","path":"D:\\Google Drive\\Full Stack Developer\\Programación Backend\\Desafios\\db\\users.json","syscall":"open"}
{"code":"ENOENT","errno":-4058,"level":"error","path":"D:\\Google Drive\\Full Stack Developer\\Programación Backend\\Desafios\\db\\messages.json","syscall":"open"}
{"code":"ENOENT","errno":-4058,"level":"error","path":"D:\\Google Drive\\Full Stack Developer\\Programación Backend\\Desafios\\db\\messages.json","syscall":"open"}
{"code":"ENOENT","errno":-4058,"level":"error","path":"D:\\Google Drive\\Full Stack Developer\\Programación Backend\\Desafios\\db\\users.json","syscall":"open"}
{"code":"ENOENT","errno":-4058,"level":"error","path":"D:\\Google Drive\\Full Stack Developer\\Programación Backend\\Desafios\\db\\messages.json","syscall":"open"}
{"code":"ENOENT","errno":-4058,"level":"error","path":"D:\\Google Drive\\Full Stack Developer\\Programación Backend\\Desafios\\db\\users.json","syscall":"open"}
{"code":"ENOENT","errno":-4058,"level":"error","path":"D:\\Google Drive\\Full Stack Developer\\Programación Backend\\Desafios\\db\\messages.json","syscall":"open"}
{"code":"ENOENT","errno":-4058,"level":"error","path":"D:\\Google Drive\\Full Stack Developer\\Programación Backend\\Desafios\\db\\users.json","syscall":"open"}
{"code":"ENOENT","errno":-4058,"level":"error","path":"D:\\Google Drive\\Full Stack Developer\\Programación Backend\\Desafios\\db\\messages.json","syscall":"open"}
{"code":"ENOENT","errno":-4058,"level":"error","path":"D:\\Google Drive\\Full Stack Developer\\Programación Backend\\Desafios\\db\\messages.json","syscall":"open"}
{"code":"ENOENT","errno":-4058,"level":"error","path":"D:\\Google Drive\\Full Stack Developer\\Programación Backend\\Desafios\\db\\users.json","syscall":"open"}
{"code":"ENOENT","errno":-4058,"level":"error","path":"D:\\Google Drive\\Full Stack Developer\\Programación Backend\\Desafios\\db\\messages.json","syscall":"open"}
{"code":"ENOENT","errno":-4058,"level":"error","path":"D:\\Google Drive\\Full Stack Developer\\Programación Backend\\Desafios\\db\\users.json","syscall":"open"}
{"code":"ENOENT","errno":-4058,"level":"error","path":"D:\\Google Drive\\Full Stack Developer\\Programación Backend\\Desafios\\db\\messages.json","syscall":"open"}
{"code":"ENOENT","errno":-4058,"level":"error","path":"D:\\Google Drive\\Full Stack Developer\\Programación Backend\\Desafios\\db\\users.json","syscall":"open"}
{"code":"ENOENT","errno":-4058,"level":"error","path":"D:\\Google Drive\\Full Stack Developer\\Programación Backend\\Desafios\\db\\messages.json","syscall":"open"}
{"code":"ENOENT","errno":-4058,"level":"error","path":"D:\\Google Drive\\Full Stack Developer\\Programación Backend\\Desafios\\db\\users.json","syscall":"open"}
{"code":"ENOENT","errno":-4058,"level":"error","path":"D:\\Google Drive\\Full Stack Developer\\Programación Backend\\Desafios\\db\\messages.json","syscall":"open"}
{"code":"ENOENT","errno":-4058,"level":"error","path":"D:\\Google Drive\\Full Stack Developer\\Programación Backend\\Desafios\\db\\users.json","syscall":"open"}
{"code":"ENOENT","errno":-4058,"level":"error","path":"D:\\Google Drive\\Full Stack Developer\\Programación Backend\\Desafios\\db\\messages.json","syscall":"open"}
{"code":"ENOENT","errno":-4058,"level":"error","path":"D:\\Google Drive\\Full Stack Developer\\Programación Backend\\Desafios\\db\\users.json","syscall":"open"}
{"code":"ENOENT","errno":-4058,"level":"error","path":"D:\\Google Drive\\Full Stack Developer\\Programación Backend\\Desafios\\db\\messages.json","syscall":"open"}
{"code":"ENOENT","errno":-4058,"level":"error","path":"D:\\Google Drive\\Full Stack Developer\\Programación Backend\\Desafios\\db\\messages.json","syscall":"open"}
{"code":"ENOENT","errno":-4058,"level":"error","path":"D:\\Google Drive\\Full Stack Developer\\Programación Backend\\Desafios\\db\\users.json","syscall":"open"}
{"code":"ENOENT","errno":-4058,"level":"error","path":"D:\\Google Drive\\Full Stack Developer\\Programación Backend\\Desafios\\db\\messages.json","syscall":"open"}
{"code":"ENOENT","errno":-4058,"level":"error","path":"D:\\Google Drive\\Full Stack Developer\\Programación Backend\\Desafios\\db\\users.json","syscall":"open"}
{"code":"ENOENT","errno":-4058,"level":"error","path":"D:\\Google Drive\\Full Stack Developer\\Programación Backend\\Desafios\\db\\messages.json","syscall":"open"}
{"code":"ENOENT","errno":-4058,"level":"error","path":"D:\\Google Drive\\Full Stack Developer\\Programación Backend\\Desafios\\db\\users.json","syscall":"open"}
{"code":"ENOENT","errno":-4058,"level":"error","path":"D:\\Google Drive\\Full Stack Developer\\Programación Backend\\Desafios\\db\\messages.json","syscall":"open"}
{"code":"ENOENT","errno":-4058,"level":"error","path":"D:\\Google Drive\\Full Stack Developer\\Programación Backend\\Desafios\\db\\messages.json","syscall":"open"}
{"code":"ENOENT","errno":-4058,"level":"error","path":"D:\\Google Drive\\Full Stack Developer\\Programación Backend\\Desafios\\db\\users.json","syscall":"open"}
{"code":"ENOENT","errno":-4058,"level":"error","path":"D:\\Google Drive\\Full Stack Developer\\Programación Backend\\Desafios\\db\\messages.json","syscall":"open"}
{"code":"ENOENT","errno":-4058,"level":"error","path":"D:\\Google Drive\\Full Stack Developer\\Programación Backend\\Desafios\\db\\messages.json","syscall":"open"}
{"code":"ENOENT","errno":-4058,"level":"error","path":"D:\\Google Drive\\Full Stack Developer\\Programación Backend\\Desafios\\db\\users.json","syscall":"open"}
{"code":"ENOENT","errno":-4058,"level":"error","path":"D:\\Google Drive\\Full Stack Developer\\Programación Backend\\Desafios\\db\\messages.json","syscall":"open"}
{"code":"ENOENT","errno":-4058,"level":"error","path":"D:\\Google Drive\\Full Stack Developer\\Programación Backend\\Desafios\\db\\users.json","syscall":"open"}
{"code":"ENOENT","errno":-4058,"level":"error","path":"D:\\Google Drive\\Full Stack Developer\\Programación Backend\\Desafios\\db\\messages.json","syscall":"open"}
{"code":"ENOENT","errno":-4058,"level":"error","path":"D:\\Google Drive\\Full Stack Developer\\Programación Backend\\Desafios\\db\\messages.json","syscall":"open"}
{"code":"ENOENT","errno":-4058,"level":"error","path":"D:\\Google Drive\\Full Stack Developer\\Programación Backend\\Desafios\\db\\users.json","syscall":"open"}
{"code":"ENOENT","errno":-4058,"level":"error","path":"D:\\Google Drive\\Full Stack Developer\\Programación Backend\\Desafios\\db\\messages.json","syscall":"open"}
{"code":"ENOENT","errno":-4058,"level":"error","path":"D:\\Google Drive\\Full Stack Developer\\Programación Backend\\Desafios\\db\\users.json","syscall":"open"}
{"code":"ENOENT","errno":-4058,"level":"error","path":"D:\\Google Drive\\Full Stack Developer\\Programación Backend\\Desafios\\db\\messages.json","syscall":"open"}
{"code":"ENOENT","errno":-4058,"level":"error","path":"D:\\Google Drive\\Full Stack Developer\\Programación Backend\\Desafios\\15_MejorarLaArquitecturaDeNuestraAPI\\db\\messages.json","syscall":"open"}
{"code":"ENOENT","errno":-4058,"level":"error","path":"D:\\Google Drive\\Full Stack Developer\\Programación Backend\\Desafios\\15_MejorarLaArquitecturaDeNuestraAPI\\db\\products.json","syscall":"open"}
{"code":"ENOENT","errno":-4058,"level":"error","path":"D:\\Google Drive\\Full Stack Developer\\Programación Backend\\Desafios\\15_MejorarLaArquitecturaDeNuestraAPI\\db\\messages.json","syscall":"open"}
{"code":"ENOENT","errno":-4058,"level":"error","path":"D:\\Google Drive\\Full Stack Developer\\Programación Backend\\Desafios\\15_MejorarLaArquitecturaDeNuestraAPI\\db\\users.json","syscall":"open"}
{"code":"ENOENT","errno":-4058,"level":"error","path":"D:\\Google Drive\\Full Stack Developer\\Programación Backend\\Desafios\\15_MejorarLaArquitecturaDeNuestraAPI\\db\\messages.json","syscall":"open"}
{"code":"ENOENT","errno":-4058,"level":"error","path":"D:\\Google Drive\\Full Stack Developer\\Programación Backend\\Desafios\\15_MejorarLaArquitecturaDeNuestraAPI\\db\\products.json","syscall":"open"}
{"code":"ENOENT","errno":-4058,"level":"error","path":"D:\\Google Drive\\Full Stack Developer\\Programación Backend\\Desafios\\15_MejorarLaArquitecturaDeNuestraAPI\\db\\products.json","syscall":"open"}
{"code":"ENOENT","errno":-4058,"level":"error","path":"D:\\Google Drive\\Full Stack Developer\\Programación Backend\\Desafios\\15_MejorarLaArquitecturaDeNuestraAPI\\db\\products.json","syscall":"open"}
{"code":"ENOENT","errno":-4058,"level":"error","path":"D:\\Google Drive\\Full Stack Developer\\Programación Backend\\Desafios\\15_MejorarLaArquitecturaDeNuestraAPI\\db\\products.json","syscall":"open"}
{"code":"ENOENT","errno":-4058,"level":"error","path":"D:\\Google Drive\\Full Stack Developer\\Programación Backend\\Desafios\\15_MejorarLaArquitecturaDeNuestraAPI\\db\\products.json","syscall":"open"}
{"code":"ENOENT","errno":-4058,"level":"error","path":"D:\\Google Drive\\Full Stack Developer\\Programación Backend\\Desafios\\15_MejorarLaArquitecturaDeNuestraAPI\\db\\products.json","syscall":"open"}
{"code":"ENOENT","errno":-4058,"level":"error","path":"D:\\Google Drive\\Full Stack Developer\\Programación Backend\\Desafios\\15_MejorarLaArquitecturaDeNuestraAPI\\db\\messages.json","syscall":"open"}
{"code":"ENOENT","errno":-4058,"level":"error","path":"D:\\Google Drive\\Full Stack Developer\\Programación Backend\\Desafios\\15_MejorarLaArquitecturaDeNuestraAPI\\db\\users.json","syscall":"open"}
{"code":"ERR_INVALID_ARG_TYPE","level":"error"}
{"code":"ERR_INVALID_ARG_TYPE","level":"error"}
{"code":"ERR_INVALID_ARG_TYPE","level":"error"}
{"code":"ERR_INVALID_ARG_TYPE","level":"error"}
{"code":"ERR_INVALID_ARG_TYPE","level":"error"}
{"level":"error"}
{"level":"error"}
{"level":"error"}
{"level":"error"}
{"level":"error"}
{"level":"error"}
{"level":"error"}
{"level":"error"}
{"level":"error"}
{"level":"error"}
{"level":"error"}
{"level":"error"}
{"level":"error"}
{"level":"error"}
{"level":"error"}
{"level":"error"}
{"level":"error"}
{"level":"error"}
{"level":"error","message":"SyntaxError: Unexpected end of JSON inputoh no"}
{"level":"error","message":"SyntaxError: Unexpected end of JSON inputoh no"}
{"level":"error","message":"SyntaxError: Unexpected end of JSON inputoh no"}
{"level":"error","message":"SyntaxError: Unexpected end of JSON inputoh no"}
{"level":"error","message":"SyntaxError: Unexpected end of JSON inputoh no"}
{"level":"error","message":"ReferenceError: newContent is not definedoh no"}
{"level":"error","message":"ReferenceError: newContent is not definedoh no"}
{"_message":"products validation failed","errors":{"id":{"kind":"required","message":"Path `id` is required.","name":"ValidatorError","path":"id","properties":{"message":"Path `id` is required.","path":"id","type":"required"}},"timestamp":{"kind":"required","message":"Path `timestamp` is required.","name":"ValidatorError","path":"timestamp","properties":{"message":"Path `timestamp` is required.","path":"timestamp","type":"required"}}},"level":"error","message":"products validation failed: timestamp: Path `timestamp` is required., id: Path `id` is required.","name":"ValidationError"}
