{"level":"warn","message":"ruta /555 metodo GET no autorizada"}{"level":"warn","message":"ruta /favicon.ico metodo GET no autorizada"}
{"level":"warn","message":"ruta /favicon.ico metodo GET no autorizada"}
{"level":"warn","message":"ruta  metodo GET no autorizada"}
{"level":"warn","message":"ruta /favicon.ico metodo GET no autorizada"}
{"level":"warn","message":"ruta /error metodo GET no autorizada"}
{"level":"warn","message":"ruta /favicon.ico metodo GET no autorizada"}
{"level":"warn","message":"ruta /error metodo GET no autorizada"}
{"level":"warn","message":"ruta /favicon.ico metodo GET no autorizada"}
{"level":"warn","message":"ruta /api/login metodo GET no autorizada"}
{"level":"warn","message":"ruta /favicon.ico metodo GET no autorizada"}
{"level":"warn","message":"ruta /login metodo GET no autorizada"}
{"level":"warn","message":"ruta /favicon.ico metodo GET no autorizada"}
{"level":"warn","message":"ruta /logout metodo GET no autorizada"}
{"level":"warn","message":"ruta /favicon.ico metodo GET no autorizada"}
{"level":"warn","message":"ruta /login metodo GET no autorizada"}
{"level":"warn","message":"ruta /favicon.ico metodo GET no autorizada"}
{"level":"warn","message":"ruta /login metodo GET no autorizada"}
{"level":"warn","message":"ruta /favicon.ico metodo GET no autorizada"}
{"level":"warn","message":"ruta /api/productos metodo GET no autorizada"}
{"level":"warn","message":"ruta /favicon.ico metodo GET no autorizada"}
{"level":"warn","message":"ruta /login metodo GET no autorizada"}
{"level":"warn","message":"ruta /favicon.ico metodo GET no autorizada"}
{"level":"warn","message":"ruta /login metodo GET no autorizada"}
{"level":"warn","message":"ruta /favicon.ico metodo GET no autorizada"}
{"level":"warn","message":"ruta  metodo GET no autorizada"}
{"level":"warn","message":"ruta /favicon.ico metodo GET no autorizada"}
{"level":"warn","message":"ruta /favicon.ico metodo GET no autorizada"}
{"level":"warn","message":"ruta /favicon.ico metodo GET no autorizada"}
{"level":"warn","message":"ruta /favicon.ico metodo GET no autorizada"}
{"level":"warn","message":"ruta  metodo GET no autorizada"}
{"level":"warn","message":"ruta /favicon.ico metodo GET no autorizada"}
{"level":"warn","message":"ruta /api metodo GET no autorizada"}
{"level":"warn","message":"ruta /favicon.ico metodo GET no autorizada"}
{"level":"warn","message":"ruta  metodo GET no autorizada"}
{"level":"warn","message":"ruta /favicon.ico metodo GET no autorizada"}
{"level":"warn","message":"ruta /test metodo GET no autorizada"}
{"level":"warn","message":"ruta /favicon.ico metodo GET no autorizada"}
{"level":"warn","message":"ruta /api metodo GET no autorizada"}
{"level":"warn","message":"ruta /favicon.ico metodo GET no autorizada"}
{"level":"warn","message":"ruta /test metodo GET no autorizada"}
{"level":"warn","message":"ruta /favicon.ico metodo GET no autorizada"}
{"level":"warn","message":"ruta /favicon.ico metodo GET no autorizada"}
{"level":"warn","message":"ruta /favicon.ico metodo GET no autorizada"}
{"level":"warn","message":"ruta /favicon.ico metodo GET no autorizada"}
{"level":"warn","message":"ruta /api metodo GET no autorizada"}
{"level":"warn","message":"ruta /favicon.ico metodo GET no autorizada"}
{"level":"warn","message":"ruta /api metodo GET no autorizada"}
{"level":"warn","message":"ruta /test metodo GET no autorizada"}
{"level":"warn","message":"ruta /favicon.ico metodo GET no autorizada"}
{"level":"warn","message":"ruta /favicon.ico metodo GET no autorizada"}
{"level":"warn","message":"ruta /favicon.ico metodo GET no autorizada"}
